<?xml version="1.0" encoding="UTF-8"?>
<!-- Generated by org.testng.reporters.JUnitReportReporter -->
<testsuite hostname="LAPTOP-6HJU02SK" failures="0" tests="5" name="buyOrderFunctionality.SeleniumAssignment" time="38.223" errors="0" timestamp="2022-05-16T13:28:31 IST" skipped="0">
  <testcase classname="buyOrderFunctionality.SeleniumAssignment" name="testLogin" time="15.578"/>
  <system-out/>
  <testcase classname="buyOrderFunctionality.SeleniumAssignment" name="testSelectTshirt" time="7.830"/>
  <system-out/>
  <testcase classname="buyOrderFunctionality.SeleniumAssignment" name="testClickMore" time="6.201"/>
  <system-out/>
  <testcase classname="buyOrderFunctionality.SeleniumAssignment" name="testSetProductDetails" time="0.671"/>
  <system-out/>
  <testcase classname="buyOrderFunctionality.SeleniumAssignment" name="testProductCheckout" time="7.943"/>
  <system-out/>
</testsuite> <!-- buyOrderFunctionality.SeleniumAssignment -->
