<?xml version="1.0" encoding="UTF-8"?>
<!-- Generated by org.testng.reporters.JUnitReportReporter -->
<testsuite hostname="LAPTOP-6HJU02SK" failures="0" tests="5" name="buyOrderFunctionality.BO_geturl" time="45.357" errors="0" timestamp="2022-05-16T13:21:05 IST" skipped="0">
  <testcase classname="buyOrderFunctionality.BO_geturl" name="testLogin" time="16.497"/>
  <system-out/>
  <testcase classname="buyOrderFunctionality.BO_geturl" name="testSelectTshirt" time="8.857"/>
  <system-out/>
  <testcase classname="buyOrderFunctionality.BO_geturl" name="testClickMore" time="9.566"/>
  <system-out/>
  <testcase classname="buyOrderFunctionality.BO_geturl" name="testSetProductDetails" time="0.510"/>
  <system-out/>
  <testcase classname="buyOrderFunctionality.BO_geturl" name="testProductCheckout" time="9.927"/>
  <system-out/>
</testsuite> <!-- buyOrderFunctionality.BO_geturl -->
